<?xml version="1.0" encoding="UTF-8"?>
<!-- Generated by org.testng.reporters.JUnitReportReporter -->
<testsuite hostname="Radhakrishnan" failures="0" tests="1" name="com.maplogik.base.DataProvider" time="0.037" errors="0" timestamp="2022-06-23T23:52:44 IST" skipped="0">
  <testcase classname="com.maplogik.base.DataProvider" name="nuw" time="0.037"/>
  <system-out/>
</testsuite> <!-- com.maplogik.base.DataProvider -->
