<?xml version="1.0" encoding="UTF-8"?>
<!-- Generated by org.testng.reporters.JUnitReportReporter -->
<testsuite hostname="Radhakrishnan" failures="0" tests="43" name="com.maplogik.functional.BeforeUpdateScreenShot" time="18.016" errors="0" timestamp="2022-07-20T01:50:12 IST" skipped="0">
  <testcase classname="com.maplogik.functional.BeforeUpdateScreenShot" name="beforeScreenShot" time="0.375"/>
  <system-out/>
  <testcase classname="com.maplogik.functional.BeforeUpdateScreenShot" name="beforeScreenShot" time="0.350"/>
  <system-out/>
  <testcase classname="com.maplogik.functional.BeforeUpdateScreenShot" name="beforeScreenShot" time="0.349"/>
  <system-out/>
  <testcase classname="com.maplogik.functional.BeforeUpdateScreenShot" name="beforeScreenShot" time="0.387"/>
  <system-out/>
  <testcase classname="com.maplogik.functional.BeforeUpdateScreenShot" name="beforeScreenShot" time="0.362"/>
  <system-out/>
  <testcase classname="com.maplogik.functional.BeforeUpdateScreenShot" name="beforeScreenShot" time="0.367"/>
  <system-out/>
  <testcase classname="com.maplogik.functional.BeforeUpdateScreenShot" name="beforeScreenShot" time="0.354"/>
  <system-out/>
  <testcase classname="com.maplogik.functional.BeforeUpdateScreenShot" name="beforeScreenShot" time="0.353"/>
  <system-out/>
  <testcase classname="com.maplogik.functional.BeforeUpdateScreenShot" name="beforeScreenShot" time="0.362"/>
  <system-out/>
  <testcase classname="com.maplogik.functional.BeforeUpdateScreenShot" name="beforeScreenShot" time="0.372"/>
  <system-out/>
  <testcase classname="com.maplogik.functional.BeforeUpdateScreenShot" name="beforeScreenShot" time="0.432"/>
  <system-out/>
  <testcase classname="com.maplogik.functional.BeforeUpdateScreenShot" name="beforeScreenShot" time="0.380"/>
  <system-out/>
  <testcase classname="com.maplogik.functional.BeforeUpdateScreenShot" name="beforeScreenShot" time="0.558"/>
  <system-out/>
  <testcase classname="com.maplogik.functional.BeforeUpdateScreenShot" name="beforeScreenShot" time="0.355"/>
  <system-out/>
  <testcase classname="com.maplogik.functional.BeforeUpdateScreenShot" name="beforeScreenShot" time="0.385"/>
  <system-out/>
  <testcase classname="com.maplogik.functional.BeforeUpdateScreenShot" name="beforeScreenShot" time="0.422"/>
  <system-out/>
  <testcase classname="com.maplogik.functional.BeforeUpdateScreenShot" name="beforeScreenShot" time="0.445"/>
  <system-out/>
  <testcase classname="com.maplogik.functional.BeforeUpdateScreenShot" name="beforeScreenShot" time="1.317"/>
  <system-out/>
  <testcase classname="com.maplogik.functional.BeforeUpdateScreenShot" name="beforeScreenShot" time="0.377"/>
  <system-out/>
  <testcase classname="com.maplogik.functional.BeforeUpdateScreenShot" name="beforeScreenShot" time="0.372"/>
  <system-out/>
  <testcase classname="com.maplogik.functional.BeforeUpdateScreenShot" name="beforeScreenShot" time="0.407"/>
  <system-out/>
  <testcase classname="com.maplogik.functional.BeforeUpdateScreenShot" name="beforeScreenShot" time="0.382"/>
  <system-out/>
  <testcase classname="com.maplogik.functional.BeforeUpdateScreenShot" name="beforeScreenShot" time="0.549"/>
  <system-out/>
  <testcase classname="com.maplogik.functional.BeforeUpdateScreenShot" name="beforeScreenShot" time="0.366"/>
  <system-out/>
  <testcase classname="com.maplogik.functional.BeforeUpdateScreenShot" name="beforeScreenShot" time="0.372"/>
  <system-out/>
  <testcase classname="com.maplogik.functional.BeforeUpdateScreenShot" name="beforeScreenShot" time="0.355"/>
  <system-out/>
  <testcase classname="com.maplogik.functional.BeforeUpdateScreenShot" name="beforeScreenShot" time="0.463"/>
  <system-out/>
  <testcase classname="com.maplogik.functional.BeforeUpdateScreenShot" name="beforeScreenShot" time="0.319"/>
  <system-out/>
  <testcase classname="com.maplogik.functional.BeforeUpdateScreenShot" name="beforeScreenShot" time="0.381"/>
  <system-out/>
  <testcase classname="com.maplogik.functional.BeforeUpdateScreenShot" name="beforeScreenShot" time="0.365"/>
  <system-out/>
  <testcase classname="com.maplogik.functional.BeforeUpdateScreenShot" name="beforeScreenShot" time="0.349"/>
  <system-out/>
  <testcase classname="com.maplogik.functional.BeforeUpdateScreenShot" name="beforeScreenShot" time="0.469"/>
  <system-out/>
  <testcase classname="com.maplogik.functional.BeforeUpdateScreenShot" name="beforeScreenShot" time="0.371"/>
  <system-out/>
  <testcase classname="com.maplogik.functional.BeforeUpdateScreenShot" name="beforeScreenShot" time="0.343"/>
  <system-out/>
  <testcase classname="com.maplogik.functional.BeforeUpdateScreenShot" name="beforeScreenShot" time="0.371"/>
  <system-out/>
  <testcase classname="com.maplogik.functional.BeforeUpdateScreenShot" name="beforeScreenShot" time="0.364"/>
  <system-out/>
  <testcase classname="com.maplogik.functional.BeforeUpdateScreenShot" name="beforeScreenShot" time="0.472"/>
  <system-out/>
  <testcase classname="com.maplogik.functional.BeforeUpdateScreenShot" name="beforeScreenShot" time="0.744"/>
  <system-out/>
  <testcase classname="com.maplogik.functional.BeforeUpdateScreenShot" name="beforeScreenShot" time="0.337"/>
  <system-out/>
  <testcase classname="com.maplogik.functional.BeforeUpdateScreenShot" name="beforeScreenShot" time="0.364"/>
  <system-out/>
  <testcase classname="com.maplogik.functional.BeforeUpdateScreenShot" name="beforeScreenShot" time="0.343"/>
  <system-out/>
  <testcase classname="com.maplogik.functional.BeforeUpdateScreenShot" name="beforeScreenShot" time="0.462"/>
  <system-out/>
  <testcase classname="com.maplogik.functional.BeforeUpdateScreenShot" name="beforeScreenShot" time="0.394"/>
  <system-out/>
</testsuite> <!-- com.maplogik.functional.BeforeUpdateScreenShot -->
