<?xml version="1.0" encoding="UTF-8"?>
<!-- Generated by org.testng.reporters.JUnitReportReporter -->
<testsuite hostname="Radhakrishnan" failures="0" tests="43" name="com.maplogik.functional.AfterUpdateScreenShot" time="15.774" errors="0" timestamp="2022-07-20T01:50:12 IST" skipped="0">
  <testcase classname="com.maplogik.functional.AfterUpdateScreenShot" name="afterScreenShot" time="0.318"/>
  <system-out/>
  <testcase classname="com.maplogik.functional.AfterUpdateScreenShot" name="afterScreenShot" time="0.315"/>
  <system-out/>
  <testcase classname="com.maplogik.functional.AfterUpdateScreenShot" name="afterScreenShot" time="0.313"/>
  <system-out/>
  <testcase classname="com.maplogik.functional.AfterUpdateScreenShot" name="afterScreenShot" time="0.307"/>
  <system-out/>
  <testcase classname="com.maplogik.functional.AfterUpdateScreenShot" name="afterScreenShot" time="0.331"/>
  <system-out/>
  <testcase classname="com.maplogik.functional.AfterUpdateScreenShot" name="afterScreenShot" time="0.330"/>
  <system-out/>
  <testcase classname="com.maplogik.functional.AfterUpdateScreenShot" name="afterScreenShot" time="0.319"/>
  <system-out/>
  <testcase classname="com.maplogik.functional.AfterUpdateScreenShot" name="afterScreenShot" time="0.325"/>
  <system-out/>
  <testcase classname="com.maplogik.functional.AfterUpdateScreenShot" name="afterScreenShot" time="0.355"/>
  <system-out/>
  <testcase classname="com.maplogik.functional.AfterUpdateScreenShot" name="afterScreenShot" time="0.316"/>
  <system-out/>
  <testcase classname="com.maplogik.functional.AfterUpdateScreenShot" name="afterScreenShot" time="0.334"/>
  <system-out/>
  <testcase classname="com.maplogik.functional.AfterUpdateScreenShot" name="afterScreenShot" time="0.305"/>
  <system-out/>
  <testcase classname="com.maplogik.functional.AfterUpdateScreenShot" name="afterScreenShot" time="0.322"/>
  <system-out/>
  <testcase classname="com.maplogik.functional.AfterUpdateScreenShot" name="afterScreenShot" time="0.331"/>
  <system-out/>
  <testcase classname="com.maplogik.functional.AfterUpdateScreenShot" name="afterScreenShot" time="0.315"/>
  <system-out/>
  <testcase classname="com.maplogik.functional.AfterUpdateScreenShot" name="afterScreenShot" time="0.318"/>
  <system-out/>
  <testcase classname="com.maplogik.functional.AfterUpdateScreenShot" name="afterScreenShot" time="0.331"/>
  <system-out/>
  <testcase classname="com.maplogik.functional.AfterUpdateScreenShot" name="afterScreenShot" time="0.425"/>
  <system-out/>
  <testcase classname="com.maplogik.functional.AfterUpdateScreenShot" name="afterScreenShot" time="0.326"/>
  <system-out/>
  <testcase classname="com.maplogik.functional.AfterUpdateScreenShot" name="afterScreenShot" time="0.330"/>
  <system-out/>
  <testcase classname="com.maplogik.functional.AfterUpdateScreenShot" name="afterScreenShot" time="1.478"/>
  <system-out/>
  <testcase classname="com.maplogik.functional.AfterUpdateScreenShot" name="afterScreenShot" time="0.363"/>
  <system-out/>
  <testcase classname="com.maplogik.functional.AfterUpdateScreenShot" name="afterScreenShot" time="0.320"/>
  <system-out/>
  <testcase classname="com.maplogik.functional.AfterUpdateScreenShot" name="afterScreenShot" time="0.333"/>
  <system-out/>
  <testcase classname="com.maplogik.functional.AfterUpdateScreenShot" name="afterScreenShot" time="0.325"/>
  <system-out/>
  <testcase classname="com.maplogik.functional.AfterUpdateScreenShot" name="afterScreenShot" time="0.332"/>
  <system-out/>
  <testcase classname="com.maplogik.functional.AfterUpdateScreenShot" name="afterScreenShot" time="0.398"/>
  <system-out/>
  <testcase classname="com.maplogik.functional.AfterUpdateScreenShot" name="afterScreenShot" time="0.340"/>
  <system-out/>
  <testcase classname="com.maplogik.functional.AfterUpdateScreenShot" name="afterScreenShot" time="0.336"/>
  <system-out/>
  <testcase classname="com.maplogik.functional.AfterUpdateScreenShot" name="afterScreenShot" time="0.422"/>
  <system-out/>
  <testcase classname="com.maplogik.functional.AfterUpdateScreenShot" name="afterScreenShot" time="0.348"/>
  <system-out/>
  <testcase classname="com.maplogik.functional.AfterUpdateScreenShot" name="afterScreenShot" time="0.385"/>
  <system-out/>
  <testcase classname="com.maplogik.functional.AfterUpdateScreenShot" name="afterScreenShot" time="0.337"/>
  <system-out/>
  <testcase classname="com.maplogik.functional.AfterUpdateScreenShot" name="afterScreenShot" time="0.320"/>
  <system-out/>
  <testcase classname="com.maplogik.functional.AfterUpdateScreenShot" name="afterScreenShot" time="0.345"/>
  <system-out/>
  <testcase classname="com.maplogik.functional.AfterUpdateScreenShot" name="afterScreenShot" time="0.328"/>
  <system-out/>
  <testcase classname="com.maplogik.functional.AfterUpdateScreenShot" name="afterScreenShot" time="0.371"/>
  <system-out/>
  <testcase classname="com.maplogik.functional.AfterUpdateScreenShot" name="afterScreenShot" time="0.385"/>
  <system-out/>
  <testcase classname="com.maplogik.functional.AfterUpdateScreenShot" name="afterScreenShot" time="0.340"/>
  <system-out/>
  <testcase classname="com.maplogik.functional.AfterUpdateScreenShot" name="afterScreenShot" time="0.333"/>
  <system-out/>
  <testcase classname="com.maplogik.functional.AfterUpdateScreenShot" name="afterScreenShot" time="0.317"/>
  <system-out/>
  <testcase classname="com.maplogik.functional.AfterUpdateScreenShot" name="afterScreenShot" time="0.390"/>
  <system-out/>
  <testcase classname="com.maplogik.functional.AfterUpdateScreenShot" name="afterScreenShot" time="0.362"/>
  <system-out/>
</testsuite> <!-- com.maplogik.functional.AfterUpdateScreenShot -->
