<?xml version="1.0" encoding="UTF-8"?>
<!-- Generated by org.testng.reporters.JUnitReportReporter -->
<testsuite hostname="Radhakrishnan" failures="0" tests="45" name="com.maplogik.functional.ApproveCertificate" time="65.101" errors="0" timestamp="2022-06-27T13:21:31 IST" skipped="0">
  <testcase classname="com.maplogik.functional.ApproveCertificate" name="adminLogin" time="4.363"/>
  <system-out/>
  <testcase classname="com.maplogik.functional.ApproveCertificate" name="certificationApproval" time="0.374"/>
  <system-out/>
  <testcase classname="com.maplogik.functional.ApproveCertificate" name="certificationApproval" time="0.370"/>
  <system-out/>
  <testcase classname="com.maplogik.functional.ApproveCertificate" name="certificationApproval" time="0.371"/>
  <system-out/>
  <testcase classname="com.maplogik.functional.ApproveCertificate" name="certificationApproval" time="0.352"/>
  <system-out/>
  <testcase classname="com.maplogik.functional.ApproveCertificate" name="certificationApproval" time="0.407"/>
  <system-out/>
  <testcase classname="com.maplogik.functional.ApproveCertificate" name="certificationApproval" time="0.357"/>
  <system-out/>
  <testcase classname="com.maplogik.functional.ApproveCertificate" name="certificationApproval" time="0.579"/>
  <system-out/>
  <testcase classname="com.maplogik.functional.ApproveCertificate" name="certificationApproval" time="0.372"/>
  <system-out/>
  <testcase classname="com.maplogik.functional.ApproveCertificate" name="certificationApproval" time="0.384"/>
  <system-out/>
  <testcase classname="com.maplogik.functional.ApproveCertificate" name="certificationApproval" time="0.451"/>
  <system-out/>
  <testcase classname="com.maplogik.functional.ApproveCertificate" name="certificationApproval" time="0.365"/>
  <system-out/>
  <testcase classname="com.maplogik.functional.ApproveCertificate" name="certificationApproval" time="0.367"/>
  <system-out/>
  <testcase classname="com.maplogik.functional.ApproveCertificate" name="certificationApproval" time="0.411"/>
  <system-out/>
  <testcase classname="com.maplogik.functional.ApproveCertificate" name="certificationApproval" time="0.377"/>
  <system-out/>
  <testcase classname="com.maplogik.functional.ApproveCertificate" name="certificationApproval" time="0.415"/>
  <system-out/>
  <testcase classname="com.maplogik.functional.ApproveCertificate" name="certificationApproval" time="0.361"/>
  <system-out/>
  <testcase classname="com.maplogik.functional.ApproveCertificate" name="certificationApproval" time="0.371"/>
  <system-out/>
  <testcase classname="com.maplogik.functional.ApproveCertificate" name="certificationApproval" time="0.364"/>
  <system-out/>
  <testcase classname="com.maplogik.functional.ApproveCertificate" name="certificationApproval" time="0.389"/>
  <system-out/>
  <testcase classname="com.maplogik.functional.ApproveCertificate" name="certificationApproval" time="0.363"/>
  <system-out/>
  <testcase classname="com.maplogik.functional.ApproveCertificate" name="certificationApproval" time="0.380"/>
  <system-out/>
  <testcase classname="com.maplogik.functional.ApproveCertificate" name="certificationApproval" time="0.387"/>
  <system-out/>
  <testcase classname="com.maplogik.functional.ApproveCertificate" name="certificationApproval" time="21.194"/>
  <system-out/>
  <testcase classname="com.maplogik.functional.ApproveCertificate" name="certificationApproval" time="0.374"/>
  <system-out/>
  <testcase classname="com.maplogik.functional.ApproveCertificate" name="certificationApproval" time="0.358"/>
  <system-out/>
  <testcase classname="com.maplogik.functional.ApproveCertificate" name="certificationApproval" time="0.382"/>
  <system-out/>
  <testcase classname="com.maplogik.functional.ApproveCertificate" name="certificationApproval" time="0.389"/>
  <system-out/>
  <testcase classname="com.maplogik.functional.ApproveCertificate" name="certificationApproval" time="0.387"/>
  <system-out/>
  <testcase classname="com.maplogik.functional.ApproveCertificate" name="certificationApproval" time="0.385"/>
  <system-out/>
  <testcase classname="com.maplogik.functional.ApproveCertificate" name="certificationApproval" time="0.392"/>
  <system-out/>
  <testcase classname="com.maplogik.functional.ApproveCertificate" name="certificationApproval" time="0.384"/>
  <system-out/>
  <testcase classname="com.maplogik.functional.ApproveCertificate" name="certificationApproval" time="0.356"/>
  <system-out/>
  <testcase classname="com.maplogik.functional.ApproveCertificate" name="certificationApproval" time="0.362"/>
  <system-out/>
  <testcase classname="com.maplogik.functional.ApproveCertificate" name="certificationApproval" time="0.376"/>
  <system-out/>
  <testcase classname="com.maplogik.functional.ApproveCertificate" name="certificationApproval" time="0.401"/>
  <system-out/>
  <testcase classname="com.maplogik.functional.ApproveCertificate" name="certificationApproval" time="0.425"/>
  <system-out/>
  <testcase classname="com.maplogik.functional.ApproveCertificate" name="certificationApproval" time="8.136"/>
  <system-out/>
  <testcase classname="com.maplogik.functional.ApproveCertificate" name="certificationApproval" time="8.145"/>
  <system-out/>
  <testcase classname="com.maplogik.functional.ApproveCertificate" name="certificationApproval" time="0.356"/>
  <system-out/>
  <testcase classname="com.maplogik.functional.ApproveCertificate" name="certificationApproval" time="7.787"/>
  <system-out/>
  <testcase classname="com.maplogik.functional.ApproveCertificate" name="certificationApproval" time="0.440"/>
  <system-out/>
  <testcase classname="com.maplogik.functional.ApproveCertificate" name="certificationApproval" time="0.385"/>
  <system-out/>
  <testcase classname="com.maplogik.functional.ApproveCertificate" name="certificationApproval" time="0.372"/>
  <system-out/>
  <testcase classname="com.maplogik.functional.ApproveCertificate" name="certificationApproval" time="0.385"/>
  <system-out/>
</testsuite> <!-- com.maplogik.functional.ApproveCertificate -->
